{"/Users/marvelousajuzie/Desktop/marvelousajuzie-lendsqr-be-test/src/config/env.ts": {"path":"/Users/marvelousajuzie/Desktop/marvelousajuzie-lendsqr-be-test/src/config/env.ts","statementMap":{"0":{"start":{"line":1,"column":0},"end":{"line":1,"column":28}},"1":{"start":{"line":3,"column":0},"end":{"line":3,"column":16}},"2":{"start":{"line":5,"column":13},"end":{"line":26,"column":11}}},"fnMap":{},"branchMap":{"0":{"loc":{"start":{"line":6,"column":7},"end":{"line":6,"column":44}},"type":"binary-expr","locations":[{"start":{"line":6,"column":7},"end":{"line":6,"column":27}},{"start":{"line":6,"column":31},"end":{"line":6,"column":44}}]},"1":{"loc":{"start":{"line":7,"column":17},"end":{"line":7,"column":43}},"type":"binary-expr","locations":[{"start":{"line":7,"column":17},"end":{"line":7,"column":33}},{"start":{"line":7,"column":37},"end":{"line":7,"column":43}}]},"2":{"loc":{"start":{"line":10,"column":10},"end":{"line":10,"column":44}},"type":"binary-expr","locations":[{"start":{"line":10,"column":10},"end":{"line":10,"column":29}},{"start":{"line":10,"column":33},"end":{"line":10,"column":44}}]},"3":{"loc":{"start":{"line":11,"column":19},"end":{"line":11,"column":48}},"type":"binary-expr","locations":[{"start":{"line":11,"column":19},"end":{"line":11,"column":38}},{"start":{"line":11,"column":42},"end":{"line":11,"column":48}}]},"4":{"loc":{"start":{"line":12,"column":10},"end":{"line":12,"column":39}},"type":"binary-expr","locations":[{"start":{"line":12,"column":10},"end":{"line":12,"column":29}},{"start":{"line":12,"column":33},"end":{"line":12,"column":39}}]},"5":{"loc":{"start":{"line":13,"column":14},"end":{"line":13,"column":43}},"type":"binary-expr","locations":[{"start":{"line":13,"column":14},"end":{"line":13,"column":37}},{"start":{"line":13,"column":41},"end":{"line":13,"column":43}}]},"6":{"loc":{"start":{"line":14,"column":10},"end":{"line":14,"column":49}},"type":"binary-expr","locations":[{"start":{"line":14,"column":10},"end":{"line":14,"column":29}},{"start":{"line":14,"column":33},"end":{"line":14,"column":49}}]},"7":{"loc":{"start":{"line":18,"column":12},"end":{"line":18,"column":76}},"type":"binary-expr","locations":[{"start":{"line":18,"column":12},"end":{"line":18,"column":34}},{"start":{"line":18,"column":38},"end":{"line":18,"column":76}}]},"8":{"loc":{"start":{"line":19,"column":15},"end":{"line":19,"column":50}},"type":"binary-expr","locations":[{"start":{"line":19,"column":15},"end":{"line":19,"column":41}},{"start":{"line":19,"column":45},"end":{"line":19,"column":50}}]},"9":{"loc":{"start":{"line":23,"column":13},"end":{"line":23,"column":75}},"type":"binary-expr","locations":[{"start":{"line":23,"column":13},"end":{"line":23,"column":39}},{"start":{"line":23,"column":43},"end":{"line":23,"column":75}}]},"10":{"loc":{"start":{"line":24,"column":12},"end":{"line":24,"column":43}},"type":"binary-expr","locations":[{"start":{"line":24,"column":12},"end":{"line":24,"column":37}},{"start":{"line":24,"column":41},"end":{"line":24,"column":43}}]}},"s":{"0":0,"1":0,"2":0},"f":{},"b":{"0":[0,0],"1":[0,0],"2":[0,0],"3":[0,0],"4":[0,0],"5":[0,0],"6":[0,0],"7":[0,0],"8":[0,0],"9":[0,0],"10":[0,0]}}
,"/Users/marvelousajuzie/Desktop/marvelousajuzie-lendsqr-be-test/src/controllers/auth.controller.ts": {"path":"/Users/marvelousajuzie/Desktop/marvelousajuzie-lendsqr-be-test/src/controllers/auth.controller.ts","statementMap":{"0":{"start":{"line":3,"column":0},"end":{"line":3,"column":55}},"1":{"start":{"line":4,"column":0},"end":{"line":4,"column":53}},"2":{"start":{"line":13,"column":2},"end":{"line":34,"column":4}},"3":{"start":{"line":14,"column":4},"end":{"line":33,"column":5}},"4":{"start":{"line":15,"column":71},"end":{"line":15,"column":79}},"5":{"start":{"line":17,"column":21},"end":{"line":23,"column":8}},"6":{"start":{"line":25,"column":6},"end":{"line":30,"column":8}},"7":{"start":{"line":32,"column":6},"end":{"line":32,"column":56}},"8":{"start":{"line":36,"column":12},"end":{"line":46,"column":4}},"9":{"start":{"line":37,"column":4},"end":{"line":45,"column":5}},"10":{"start":{"line":38,"column":34},"end":{"line":38,"column":42}},"11":{"start":{"line":40,"column":21},"end":{"line":40,"column":66}},"12":{"start":{"line":42,"column":6},"end":{"line":42,"column":66}},"13":{"start":{"line":44,"column":6},"end":{"line":44,"column":56}},"14":{"start":{"line":10,"column":4},"end":{"line":10,"column":41}},"15":{"start":{"line":6,"column":0},"end":{"line":6,"column":13}}},"fnMap":{"0":{"name":"(anonymous_0)","decl":{"start":{"line":9,"column":2},"end":{"line":9,"column":null}},"loc":{"start":{"line":9,"column":2},"end":{"line":11,"column":3}}},"1":{"name":"(anonymous_1)","decl":{"start":{"line":13,"column":13},"end":{"line":13,"column":18}},"loc":{"start":{"line":13,"column":70},"end":{"line":34,"column":3}}},"2":{"name":"(anonymous_2)","decl":{"start":{"line":36,"column":20},"end":{"line":36,"column":25}},"loc":{"start":{"line":36,"column":77},"end":{"line":46,"column":3}}}},"branchMap":{},"s":{"0":0,"1":0,"2":0,"3":0,"4":0,"5":0,"6":0,"7":0,"8":0,"9":0,"10":0,"11":0,"12":0,"13":0,"14":0,"15":0},"f":{"0":0,"1":0,"2":0},"b":{}}
,"/Users/marvelousajuzie/Desktop/marvelousajuzie-lendsqr-be-test/src/database/migrations/20250120000001_create_users_table.ts": {"path":"/Users/marvelousajuzie/Desktop/marvelousajuzie-lendsqr-be-test/src/database/migrations/20250120000001_create_users_table.ts","statementMap":{"0":{"start":{"line":3,"column":0},"end":{"line":3,"column":7}},"1":{"start":{"line":20,"column":0},"end":{"line":20,"column":7}},"2":{"start":{"line":4,"column":2},"end":{"line":17,"column":5}},"3":{"start":{"line":5,"column":4},"end":{"line":5,"column":31}},"4":{"start":{"line":6,"column":4},"end":{"line":6,"column":54}},"5":{"start":{"line":7,"column":4},"end":{"line":7,"column":48}},"6":{"start":{"line":8,"column":4},"end":{"line":8,"column":50}},"7":{"start":{"line":9,"column":4},"end":{"line":9,"column":49}},"8":{"start":{"line":10,"column":4},"end":{"line":10,"column":51}},"9":{"start":{"line":11,"column":4},"end":{"line":11,"column":53}},"10":{"start":{"line":12,"column":4},"end":{"line":12,"column":59}},"11":{"start":{"line":13,"column":4},"end":{"line":13,"column":59}},"12":{"start":{"line":15,"column":4},"end":{"line":15,"column":25}},"13":{"start":{"line":16,"column":4},"end":{"line":16,"column":32}},"14":{"start":{"line":21,"column":2},"end":{"line":21,"column":48}}},"fnMap":{"0":{"name":"up","decl":{"start":{"line":3,"column":22},"end":{"line":3,"column":24}},"loc":{"start":{"line":3,"column":35},"end":{"line":18,"column":1}}},"1":{"name":"(anonymous_1)","decl":{"start":{"line":4,"column":42},"end":{"line":4,"column":43}},"loc":{"start":{"line":4,"column":52},"end":{"line":17,"column":3}}},"2":{"name":"down","decl":{"start":{"line":20,"column":22},"end":{"line":20,"column":26}},"loc":{"start":{"line":20,"column":37},"end":{"line":22,"column":1}}}},"branchMap":{},"s":{"0":0,"1":0,"2":0,"3":0,"4":0,"5":0,"6":0,"7":0,"8":0,"9":0,"10":0,"11":0,"12":0,"13":0,"14":0},"f":{"0":0,"1":0,"2":0},"b":{}}
,"/Users/marvelousajuzie/Desktop/marvelousajuzie-lendsqr-be-test/src/database/migrations/20250120000002_create_wallets_table.ts": {"path":"/Users/marvelousajuzie/Desktop/marvelousajuzie-lendsqr-be-test/src/database/migrations/20250120000002_create_wallets_table.ts","statementMap":{"0":{"start":{"line":3,"column":0},"end":{"line":3,"column":7}},"1":{"start":{"line":18,"column":0},"end":{"line":18,"column":7}},"2":{"start":{"line":4,"column":2},"end":{"line":15,"column":5}},"3":{"start":{"line":5,"column":4},"end":{"line":5,"column":31}},"4":{"start":{"line":6,"column":4},"end":{"line":6,"column":40}},"5":{"start":{"line":7,"column":4},"end":{"line":7,"column":66}},"6":{"start":{"line":8,"column":4},"end":{"line":8,"column":63}},"7":{"start":{"line":9,"column":4},"end":{"line":9,"column":59}},"8":{"start":{"line":10,"column":4},"end":{"line":10,"column":59}},"9":{"start":{"line":12,"column":4},"end":{"line":12,"column":83}},"10":{"start":{"line":13,"column":4},"end":{"line":13,"column":27}},"11":{"start":{"line":14,"column":4},"end":{"line":14,"column":28}},"12":{"start":{"line":19,"column":2},"end":{"line":19,"column":50}}},"fnMap":{"0":{"name":"up","decl":{"start":{"line":3,"column":22},"end":{"line":3,"column":24}},"loc":{"start":{"line":3,"column":35},"end":{"line":16,"column":1}}},"1":{"name":"(anonymous_1)","decl":{"start":{"line":4,"column":44},"end":{"line":4,"column":45}},"loc":{"start":{"line":4,"column":54},"end":{"line":15,"column":3}}},"2":{"name":"down","decl":{"start":{"line":18,"column":22},"end":{"line":18,"column":26}},"loc":{"start":{"line":18,"column":37},"end":{"line":20,"column":1}}}},"branchMap":{},"s":{"0":0,"1":0,"2":0,"3":0,"4":0,"5":0,"6":0,"7":0,"8":0,"9":0,"10":0,"11":0,"12":0},"f":{"0":0,"1":0,"2":0},"b":{}}
,"/Users/marvelousajuzie/Desktop/marvelousajuzie-lendsqr-be-test/src/database/migrations/20250120000003_create_transactions_table.ts": {"path":"/Users/marvelousajuzie/Desktop/marvelousajuzie-lendsqr-be-test/src/database/migrations/20250120000003_create_transactions_table.ts","statementMap":{"0":{"start":{"line":3,"column":0},"end":{"line":3,"column":7}},"1":{"start":{"line":24,"column":0},"end":{"line":24,"column":7}},"2":{"start":{"line":4,"column":2},"end":{"line":21,"column":5}},"3":{"start":{"line":5,"column":4},"end":{"line":5,"column":31}},"4":{"start":{"line":6,"column":4},"end":{"line":6,"column":42}},"5":{"start":{"line":7,"column":4},"end":{"line":7,"column":70}},"6":{"start":{"line":8,"column":4},"end":{"line":8,"column":49}},"7":{"start":{"line":9,"column":4},"end":{"line":9,"column":58}},"8":{"start":{"line":10,"column":4},"end":{"line":10,"column":30}},"9":{"start":{"line":11,"column":4},"end":{"line":11,"column":80}},"10":{"start":{"line":12,"column":4},"end":{"line":12,"column":27}},"11":{"start":{"line":13,"column":4},"end":{"line":13,"column":59}},"12":{"start":{"line":14,"column":4},"end":{"line":14,"column":59}},"13":{"start":{"line":16,"column":4},"end":{"line":16,"column":87}},"14":{"start":{"line":17,"column":4},"end":{"line":17,"column":29}},"15":{"start":{"line":18,"column":4},"end":{"line":18,"column":29}},"16":{"start":{"line":19,"column":4},"end":{"line":19,"column":26}},"17":{"start":{"line":20,"column":4},"end":{"line":20,"column":30}},"18":{"start":{"line":25,"column":2},"end":{"line":25,"column":55}}},"fnMap":{"0":{"name":"up","decl":{"start":{"line":3,"column":22},"end":{"line":3,"column":24}},"loc":{"start":{"line":3,"column":35},"end":{"line":22,"column":1}}},"1":{"name":"(anonymous_1)","decl":{"start":{"line":4,"column":49},"end":{"line":4,"column":50}},"loc":{"start":{"line":4,"column":59},"end":{"line":21,"column":3}}},"2":{"name":"down","decl":{"start":{"line":24,"column":22},"end":{"line":24,"column":26}},"loc":{"start":{"line":24,"column":37},"end":{"line":26,"column":1}}}},"branchMap":{},"s":{"0":0,"1":0,"2":0,"3":0,"4":0,"5":0,"6":0,"7":0,"8":0,"9":0,"10":0,"11":0,"12":0,"13":0,"14":0,"15":0,"16":0,"17":0,"18":0},"f":{"0":0,"1":0,"2":0},"b":{}}
,"/Users/marvelousajuzie/Desktop/marvelousajuzie-lendsqr-be-test/src/routes/auth.routes.ts": {"path":"/Users/marvelousajuzie/Desktop/marvelousajuzie-lendsqr-be-test/src/routes/auth.routes.ts","statementMap":{"0":{"start":{"line":1,"column":0},"end":{"line":1,"column":33}},"1":{"start":{"line":2,"column":0},"end":{"line":2,"column":64}},"2":{"start":{"line":3,"column":0},"end":{"line":3,"column":75}},"3":{"start":{"line":4,"column":0},"end":{"line":4,"column":61}},"4":{"start":{"line":6,"column":15},"end":{"line":6,"column":23}},"5":{"start":{"line":7,"column":23},"end":{"line":7,"column":43}},"6":{"start":{"line":9,"column":0},"end":{"line":13,"column":2}},"7":{"start":{"line":15,"column":0},"end":{"line":19,"column":2}},"8":{"start":{"line":21,"column":0},"end":{"line":21,"column":22}}},"fnMap":{},"branchMap":{},"s":{"0":0,"1":0,"2":0,"3":0,"4":0,"5":0,"6":0,"7":0,"8":0},"f":{},"b":{}}
,"/Users/marvelousajuzie/Desktop/marvelousajuzie-lendsqr-be-test/src/routes/wallet.routes.ts": {"path":"/Users/marvelousajuzie/Desktop/marvelousajuzie-lendsqr-be-test/src/routes/wallet.routes.ts","statementMap":{"0":{"start":{"line":2,"column":0},"end":{"line":2,"column":33}},"1":{"start":{"line":3,"column":0},"end":{"line":3,"column":68}},"2":{"start":{"line":4,"column":0},"end":{"line":4,"column":63}},"3":{"start":{"line":5,"column":0},"end":{"line":5,"column":75}},"4":{"start":{"line":6,"column":0},"end":{"line":6,"column":65}},"5":{"start":{"line":8,"column":15},"end":{"line":8,"column":23}},"6":{"start":{"line":9,"column":25},"end":{"line":9,"column":47}},"7":{"start":{"line":10,"column":23},"end":{"line":10,"column":43}},"8":{"start":{"line":13,"column":0},"end":{"line":13,"column":40}},"9":{"start":{"line":15,"column":0},"end":{"line":15,"column":52}},"10":{"start":{"line":17,"column":0},"end":{"line":21,"column":2}},"11":{"start":{"line":23,"column":0},"end":{"line":27,"column":2}},"12":{"start":{"line":29,"column":0},"end":{"line":33,"column":2}},"13":{"start":{"line":35,"column":0},"end":{"line":35,"column":22}}},"fnMap":{},"branchMap":{},"s":{"0":0,"1":0,"2":0,"3":0,"4":0,"5":0,"6":0,"7":0,"8":0,"9":0,"10":0,"11":0,"12":0,"13":0},"f":{},"b":{}}
,"/Users/marvelousajuzie/Desktop/marvelousajuzie-lendsqr-be-test/src/services/auth.service.ts": {"path":"/Users/marvelousajuzie/Desktop/marvelousajuzie-lendsqr-be-test/src/services/auth.service.ts","statementMap":{"0":{"start":{"line":1,"column":0},"end":{"line":1,"column":30}},"1":{"start":{"line":2,"column":0},"end":{"line":2,"column":31}},"2":{"start":{"line":3,"column":0},"end":{"line":3,"column":49}},"3":{"start":{"line":4,"column":0},"end":{"line":4,"column":53}},"4":{"start":{"line":5,"column":0},"end":{"line":5,"column":47}},"5":{"start":{"line":6,"column":0},"end":{"line":6,"column":39}},"6":{"start":{"line":13,"column":4},"end":{"line":13,"column":43}},"7":{"start":{"line":24,"column":25},"end":{"line":24,"column":68}},"8":{"start":{"line":25,"column":4},"end":{"line":27,"column":5}},"9":{"start":{"line":26,"column":6},"end":{"line":26,"column":50}},"10":{"start":{"line":30,"column":26},"end":{"line":30,"column":80}},"11":{"start":{"line":31,"column":4},"end":{"line":33,"column":5}},"12":{"start":{"line":32,"column":6},"end":{"line":32,"column":69}},"13":{"start":{"line":36,"column":27},"end":{"line":36,"column":67}},"14":{"start":{"line":39,"column":17},"end":{"line":43,"column":6}},"15":{"start":{"line":46,"column":4},"end":{"line":46,"column":38}},"16":{"start":{"line":49,"column":18},"end":{"line":49,"column":57}},"17":{"start":{"line":52,"column":49},"end":{"line":52,"column":53}},"18":{"start":{"line":54,"column":4},"end":{"line":54,"column":48}},"19":{"start":{"line":59,"column":17},"end":{"line":59,"column":51}},"20":{"start":{"line":60,"column":4},"end":{"line":62,"column":5}},"21":{"start":{"line":61,"column":6},"end":{"line":61,"column":45}},"22":{"start":{"line":65,"column":4},"end":{"line":67,"column":5}},"23":{"start":{"line":66,"column":6},"end":{"line":66,"column":48}},"24":{"start":{"line":70,"column":28},"end":{"line":70,"column":73}},"25":{"start":{"line":71,"column":4},"end":{"line":73,"column":5}},"26":{"start":{"line":72,"column":6},"end":{"line":72,"column":45}},"27":{"start":{"line":76,"column":18},"end":{"line":76,"column":57}},"28":{"start":{"line":79,"column":52},"end":{"line":79,"column":56}},"29":{"start":{"line":81,"column":4},"end":{"line":81,"column":48}},"30":{"start":{"line":85,"column":2},"end":{"line":89,"column":4}},"31":{"start":{"line":93,"column":2},"end":{"line":101,"column":3}},"32":{"start":{"line":94,"column":20},"end":{"line":96,"column":null}},"33":{"start":{"line":98,"column":4},"end":{"line":98,"column":19}},"34":{"start":{"line":100,"column":4},"end":{"line":100,"column":48}},"35":{"start":{"line":9,"column":0},"end":{"line":9,"column":13}}},"fnMap":{"0":{"name":"(anonymous_1)","decl":{"start":{"line":12,"column":2},"end":{"line":12,"column":null}},"loc":{"start":{"line":12,"column":2},"end":{"line":14,"column":3}}},"1":{"name":"(anonymous_2)","decl":{"start":{"line":16,"column":2},"end":{"line":16,"column":7}},"loc":{"start":{"line":22,"column":3},"end":{"line":55,"column":3}}},"2":{"name":"(anonymous_3)","decl":{"start":{"line":57,"column":2},"end":{"line":57,"column":7}},"loc":{"start":{"line":57,"column":45},"end":{"line":82,"column":3}}},"3":{"name":"(anonymous_4)","decl":{"start":{"line":84,"column":9},"end":{"line":84,"column":22}},"loc":{"start":{"line":84,"column":52},"end":{"line":90,"column":1}}},"4":{"name":"(anonymous_5)","decl":{"start":{"line":92,"column":2},"end":{"line":92,"column":13}},"loc":{"start":{"line":92,"column":27},"end":{"line":102,"column":1}}}},"branchMap":{"0":{"loc":{"start":{"line":25,"column":4},"end":{"line":27,"column":5}},"type":"if","locations":[{"start":{"line":25,"column":4},"end":{"line":27,"column":5}},{"start":{},"end":{}}]},"1":{"loc":{"start":{"line":31,"column":4},"end":{"line":33,"column":5}},"type":"if","locations":[{"start":{"line":31,"column":4},"end":{"line":33,"column":5}},{"start":{},"end":{}}]},"2":{"loc":{"start":{"line":60,"column":4},"end":{"line":62,"column":5}},"type":"if","locations":[{"start":{"line":60,"column":4},"end":{"line":62,"column":5}},{"start":{},"end":{}}]},"3":{"loc":{"start":{"line":65,"column":4},"end":{"line":67,"column":5}},"type":"if","locations":[{"start":{"line":65,"column":4},"end":{"line":67,"column":5}},{"start":{},"end":{}}]},"4":{"loc":{"start":{"line":71,"column":4},"end":{"line":73,"column":5}},"type":"if","locations":[{"start":{"line":71,"column":4},"end":{"line":73,"column":5}},{"start":{},"end":{}}]}},"s":{"0":0,"1":0,"2":0,"3":0,"4":0,"5":0,"6":0,"7":0,"8":0,"9":0,"10":0,"11":0,"12":0,"13":0,"14":0,"15":0,"16":0,"17":0,"18":0,"19":0,"20":0,"21":0,"22":0,"23":0,"24":0,"25":0,"26":0,"27":0,"28":0,"29":0,"30":0,"31":0,"32":0,"33":0,"34":0,"35":0},"f":{"0":0,"1":0,"2":0,"3":0,"4":0},"b":{"0":[0,0],"1":[0,0],"2":[0,0],"3":[0,0],"4":[0,0]}}
,"/Users/marvelousajuzie/Desktop/marvelousajuzie-lendsqr-be-test/src/services/karma.service.ts": {"path":"/Users/marvelousajuzie/Desktop/marvelousajuzie-lendsqr-be-test/src/services/karma.service.ts","statementMap":{"0":{"start":{"line":1,"column":0},"end":{"line":1,"column":26}},"1":{"start":{"line":2,"column":0},"end":{"line":2,"column":39}},"2":{"start":{"line":9,"column":4},"end":{"line":9,"column":40}},"3":{"start":{"line":10,"column":4},"end":{"line":10,"column":38}},"4":{"start":{"line":14,"column":4},"end":{"line":37,"column":5}},"5":{"start":{"line":15,"column":23},"end":{"line":23,"column":null}},"6":{"start":{"line":27,"column":6},"end":{"line":27,"column":62}},"7":{"start":{"line":30,"column":6},"end":{"line":32,"column":7}},"8":{"start":{"line":31,"column":8},"end":{"line":31,"column":21}},"9":{"start":{"line":35,"column":6},"end":{"line":35,"column":55}},"10":{"start":{"line":36,"column":6},"end":{"line":36,"column":19}},"11":{"start":{"line":44,"column":4},"end":{"line":62,"column":5}},"12":{"start":{"line":45,"column":6},"end":{"line":57,"column":8}},"13":{"start":{"line":58,"column":6},"end":{"line":58,"column":18}},"14":{"start":{"line":60,"column":6},"end":{"line":60,"column":58}},"15":{"start":{"line":61,"column":6},"end":{"line":61,"column":19}},"16":{"start":{"line":4,"column":0},"end":{"line":4,"column":13}}},"fnMap":{"0":{"name":"(anonymous_1)","decl":{"start":{"line":8,"column":2},"end":{"line":8,"column":null}},"loc":{"start":{"line":8,"column":2},"end":{"line":11,"column":3}}},"1":{"name":"(anonymous_2)","decl":{"start":{"line":13,"column":2},"end":{"line":13,"column":7}},"loc":{"start":{"line":13,"column":41},"end":{"line":38,"column":3}}},"2":{"name":"(anonymous_3)","decl":{"start":{"line":40,"column":2},"end":{"line":40,"column":7}},"loc":{"start":{"line":42,"column":18},"end":{"line":63,"column":3}}}},"branchMap":{"0":{"loc":{"start":{"line":27,"column":13},"end":{"line":27,"column":61}},"type":"binary-expr","locations":[{"start":{"line":27,"column":13},"end":{"line":27,"column":52}},{"start":{"line":27,"column":56},"end":{"line":27,"column":61}}]},"1":{"loc":{"start":{"line":30,"column":6},"end":{"line":32,"column":7}},"type":"if","locations":[{"start":{"line":30,"column":6},"end":{"line":32,"column":7}},{"start":{},"end":{}}]}},"s":{"0":0,"1":0,"2":0,"3":0,"4":0,"5":0,"6":0,"7":0,"8":0,"9":0,"10":0,"11":0,"12":0,"13":0,"14":0,"15":0,"16":0},"f":{"0":0,"1":0,"2":0},"b":{"0":[0,0],"1":[0,0]}}
,"/Users/marvelousajuzie/Desktop/marvelousajuzie-lendsqr-be-test/src/services/wallet.service.ts": {"path":"/Users/marvelousajuzie/Desktop/marvelousajuzie-lendsqr-be-test/src/services/wallet.service.ts","statementMap":{"0":{"start":{"line":2,"column":0},"end":{"line":2,"column":36}},"1":{"start":{"line":3,"column":0},"end":{"line":3,"column":53}},"2":{"start":{"line":4,"column":0},"end":{"line":4,"column":63}},"3":{"start":{"line":5,"column":0},"end":{"line":5,"column":48}},"4":{"start":{"line":14,"column":4},"end":{"line":16,"column":5}},"5":{"start":{"line":15,"column":6},"end":{"line":15,"column":58}},"6":{"start":{"line":18,"column":19},"end":{"line":18,"column":57}},"7":{"start":{"line":19,"column":14},"end":{"line":21,"column":11}},"8":{"start":{"line":20,"column":6},"end":{"line":20,"column":42}},"9":{"start":{"line":23,"column":16},"end":{"line":23,"column":38}},"10":{"start":{"line":25,"column":4},"end":{"line":50,"column":5}},"11":{"start":{"line":27,"column":30},"end":{"line":27,"column":63}},"12":{"start":{"line":28,"column":26},"end":{"line":36,"column":8}},"13":{"start":{"line":39,"column":6},"end":{"line":39,"column":70}},"14":{"start":{"line":42,"column":6},"end":{"line":42,"column":69}},"15":{"start":{"line":44,"column":6},"end":{"line":44,"column":25}},"16":{"start":{"line":46,"column":6},"end":{"line":46,"column":77}},"17":{"start":{"line":48,"column":6},"end":{"line":48,"column":27}},"18":{"start":{"line":49,"column":6},"end":{"line":49,"column":18}},"19":{"start":{"line":59,"column":4},"end":{"line":61,"column":5}},"20":{"start":{"line":60,"column":6},"end":{"line":60,"column":58}},"21":{"start":{"line":64,"column":25},"end":{"line":64,"column":65}},"22":{"start":{"line":65,"column":4},"end":{"line":67,"column":5}},"23":{"start":{"line":66,"column":6},"end":{"line":66,"column":49}},"24":{"start":{"line":69,"column":4},"end":{"line":71,"column":5}},"25":{"start":{"line":70,"column":6},"end":{"line":70,"column":46}},"26":{"start":{"line":74,"column":26},"end":{"line":74,"column":84}},"27":{"start":{"line":75,"column":4},"end":{"line":77,"column":5}},"28":{"start":{"line":76,"column":6},"end":{"line":76,"column":45}},"29":{"start":{"line":80,"column":28},"end":{"line":80,"column":76}},"30":{"start":{"line":81,"column":4},"end":{"line":83,"column":5}},"31":{"start":{"line":82,"column":6},"end":{"line":82,"column":52}},"32":{"start":{"line":86,"column":4},"end":{"line":88,"column":5}},"33":{"start":{"line":87,"column":6},"end":{"line":87,"column":53}},"34":{"start":{"line":90,"column":16},"end":{"line":90,"column":38}},"35":{"start":{"line":91,"column":22},"end":{"line":91,"column":54}},"36":{"start":{"line":93,"column":4},"end":{"line":135,"column":5}},"37":{"start":{"line":95,"column":31},"end":{"line":103,"column":8}},"38":{"start":{"line":106,"column":32},"end":{"line":114,"column":8}},"39":{"start":{"line":117,"column":6},"end":{"line":117,"column":76}},"40":{"start":{"line":120,"column":6},"end":{"line":120,"column":79}},"41":{"start":{"line":123,"column":6},"end":{"line":123,"column":74}},"42":{"start":{"line":124,"column":6},"end":{"line":124,"column":75}},"43":{"start":{"line":126,"column":6},"end":{"line":126,"column":25}},"44":{"start":{"line":128,"column":6},"end":{"line":131,"column":8}},"45":{"start":{"line":133,"column":6},"end":{"line":133,"column":27}},"46":{"start":{"line":134,"column":6},"end":{"line":134,"column":18}},"47":{"start":{"line":143,"column":4},"end":{"line":145,"column":5}},"48":{"start":{"line":144,"column":6},"end":{"line":144,"column":58}},"49":{"start":{"line":147,"column":19},"end":{"line":147,"column":57}},"50":{"start":{"line":148,"column":4},"end":{"line":150,"column":5}},"51":{"start":{"line":149,"column":6},"end":{"line":149,"column":42}},"52":{"start":{"line":152,"column":4},"end":{"line":154,"column":5}},"53":{"start":{"line":153,"column":6},"end":{"line":153,"column":46}},"54":{"start":{"line":156,"column":16},"end":{"line":156,"column":38}},"55":{"start":{"line":158,"column":4},"end":{"line":182,"column":5}},"56":{"start":{"line":160,"column":24},"end":{"line":160,"column":56}},"57":{"start":{"line":161,"column":26},"end":{"line":169,"column":8}},"58":{"start":{"line":172,"column":6},"end":{"line":172,"column":70}},"59":{"start":{"line":174,"column":6},"end":{"line":174,"column":69}},"60":{"start":{"line":176,"column":6},"end":{"line":176,"column":25}},"61":{"start":{"line":178,"column":6},"end":{"line":178,"column":77}},"62":{"start":{"line":180,"column":6},"end":{"line":180,"column":27}},"63":{"start":{"line":181,"column":6},"end":{"line":181,"column":18}},"64":{"start":{"line":186,"column":4},"end":{"line":186,"column":48}},"65":{"start":{"line":194,"column":19},"end":{"line":194,"column":57}},"66":{"start":{"line":195,"column":4},"end":{"line":197,"column":5}},"67":{"start":{"line":196,"column":6},"end":{"line":196,"column":42}},"68":{"start":{"line":199,"column":4},"end":{"line":199,"column":75}},"69":{"start":{"line":8,"column":16},"end":{"line":8,"column":29}}},"fnMap":{"0":{"name":"(anonymous_1)","decl":{"start":{"line":9,"column":2},"end":{"line":9,"column":7}},"loc":{"start":{"line":12,"column":42},"end":{"line":51,"column":3}}},"1":{"name":"(anonymous_2)","decl":{"start":{"line":53,"column":10},"end":{"line":53,"column":15}},"loc":{"start":{"line":57,"column":36},"end":{"line":136,"column":3}}},"2":{"name":"(anonymous_3)","decl":{"start":{"line":138,"column":2},"end":{"line":138,"column":7}},"loc":{"start":{"line":141,"column":38},"end":{"line":183,"column":3}}},"3":{"name":"(anonymous_4)","decl":{"start":{"line":185,"column":2},"end":{"line":185,"column":7}},"loc":{"start":{"line":185,"column":33},"end":{"line":187,"column":3}}},"4":{"name":"(anonymous_5)","decl":{"start":{"line":189,"column":2},"end":{"line":189,"column":7}},"loc":{"start":{"line":192,"column":22},"end":{"line":200,"column":3}}}},"branchMap":{"0":{"loc":{"start":{"line":12,"column":4},"end":{"line":12,"column":42}},"type":"default-arg","locations":[{"start":{"line":12,"column":26},"end":{"line":12,"column":42}}]},"1":{"loc":{"start":{"line":14,"column":4},"end":{"line":16,"column":5}},"type":"if","locations":[{"start":{"line":14,"column":4},"end":{"line":16,"column":5}},{"start":{},"end":{}}]},"2":{"loc":{"start":{"line":19,"column":14},"end":{"line":21,"column":11}},"type":"if","locations":[{"start":{"line":19,"column":14},"end":{"line":21,"column":11}},{"start":{},"end":{}}]},"3":{"loc":{"start":{"line":57,"column":4},"end":{"line":57,"column":36}},"type":"default-arg","locations":[{"start":{"line":57,"column":26},"end":{"line":57,"column":36}}]},"4":{"loc":{"start":{"line":59,"column":4},"end":{"line":61,"column":5}},"type":"if","locations":[{"start":{"line":59,"column":4},"end":{"line":61,"column":5}},{"start":{},"end":{}}]},"5":{"loc":{"start":{"line":65,"column":4},"end":{"line":67,"column":5}},"type":"if","locations":[{"start":{"line":65,"column":4},"end":{"line":67,"column":5}},{"start":{},"end":{}}]},"6":{"loc":{"start":{"line":69,"column":4},"end":{"line":71,"column":5}},"type":"if","locations":[{"start":{"line":69,"column":4},"end":{"line":71,"column":5}},{"start":{},"end":{}}]},"7":{"loc":{"start":{"line":75,"column":4},"end":{"line":77,"column":5}},"type":"if","locations":[{"start":{"line":75,"column":4},"end":{"line":77,"column":5}},{"start":{},"end":{}}]},"8":{"loc":{"start":{"line":81,"column":4},"end":{"line":83,"column":5}},"type":"if","locations":[{"start":{"line":81,"column":4},"end":{"line":83,"column":5}},{"start":{},"end":{}}]},"9":{"loc":{"start":{"line":86,"column":4},"end":{"line":88,"column":5}},"type":"if","locations":[{"start":{"line":86,"column":4},"end":{"line":88,"column":5}},{"start":{},"end":{}}]},"10":{"loc":{"start":{"line":141,"column":4},"end":{"line":141,"column":38}},"type":"default-arg","locations":[{"start":{"line":141,"column":26},"end":{"line":141,"column":38}}]},"11":{"loc":{"start":{"line":143,"column":4},"end":{"line":145,"column":5}},"type":"if","locations":[{"start":{"line":143,"column":4},"end":{"line":145,"column":5}},{"start":{},"end":{}}]},"12":{"loc":{"start":{"line":148,"column":4},"end":{"line":150,"column":5}},"type":"if","locations":[{"start":{"line":148,"column":4},"end":{"line":150,"column":5}},{"start":{},"end":{}}]},"13":{"loc":{"start":{"line":152,"column":4},"end":{"line":154,"column":5}},"type":"if","locations":[{"start":{"line":152,"column":4},"end":{"line":154,"column":5}},{"start":{},"end":{}}]},"14":{"loc":{"start":{"line":191,"column":4},"end":{"line":191,"column":22}},"type":"default-arg","locations":[{"start":{"line":191,"column":20},"end":{"line":191,"column":22}}]},"15":{"loc":{"start":{"line":192,"column":4},"end":{"line":192,"column":22}},"type":"default-arg","locations":[{"start":{"line":192,"column":21},"end":{"line":192,"column":22}}]},"16":{"loc":{"start":{"line":195,"column":4},"end":{"line":197,"column":5}},"type":"if","locations":[{"start":{"line":195,"column":4},"end":{"line":197,"column":5}},{"start":{},"end":{}}]}},"s":{"0":0,"1":0,"2":0,"3":0,"4":0,"5":0,"6":0,"7":0,"8":0,"9":0,"10":0,"11":0,"12":0,"13":0,"14":0,"15":0,"16":0,"17":0,"18":0,"19":0,"20":0,"21":0,"22":0,"23":0,"24":0,"25":0,"26":0,"27":0,"28":0,"29":0,"30":0,"31":0,"32":0,"33":0,"34":0,"35":0,"36":0,"37":0,"38":0,"39":0,"40":0,"41":0,"42":0,"43":0,"44":0,"45":0,"46":0,"47":0,"48":0,"49":0,"50":0,"51":0,"52":0,"53":0,"54":0,"55":0,"56":0,"57":0,"58":0,"59":0,"60":0,"61":0,"62":0,"63":0,"64":0,"65":0,"66":0,"67":0,"68":0,"69":0},"f":{"0":0,"1":0,"2":0,"3":0,"4":0},"b":{"0":[0],"1":[0,0],"2":[0,0],"3":[0],"4":[0,0],"5":[0,0],"6":[0,0],"7":[0,0],"8":[0,0],"9":[0,0],"10":[0],"11":[0,0],"12":[0,0],"13":[0,0],"14":[0],"15":[0],"16":[0,0]}}
,"/Users/marvelousajuzie/Desktop/marvelousajuzie-lendsqr-be-test/src/utils/helpers.util.ts": {"path":"/Users/marvelousajuzie/Desktop/marvelousajuzie-lendsqr-be-test/src/utils/helpers.util.ts","statementMap":{"0":{"start":{"line":1,"column":0},"end":{"line":1,"column":36}},"1":{"start":{"line":2,"column":0},"end":{"line":2,"column":28}},"2":{"start":{"line":11,"column":4},"end":{"line":11,"column":20}},"3":{"start":{"line":15,"column":22},"end":{"line":15,"column":32}},"4":{"start":{"line":16,"column":19},"end":{"line":16,"column":70}},"5":{"start":{"line":17,"column":4},"end":{"line":17,"column":46}},"6":{"start":{"line":21,"column":4},"end":{"line":24,"column":22}},"7":{"start":{"line":28,"column":23},"end":{"line":28,"column":51}},"8":{"start":{"line":29,"column":4},"end":{"line":29,"column":34}},"9":{"start":{"line":33,"column":23},"end":{"line":33,"column":46}},"10":{"start":{"line":34,"column":4},"end":{"line":34,"column":34}},"11":{"start":{"line":9,"column":0},"end":{"line":9,"column":13}}},"fnMap":{"0":{"name":"(anonymous_1)","decl":{"start":{"line":10,"column":2},"end":{"line":10,"column":8}},"loc":{"start":{"line":10,"column":21},"end":{"line":12,"column":3}}},"1":{"name":"(anonymous_2)","decl":{"start":{"line":14,"column":2},"end":{"line":14,"column":8}},"loc":{"start":{"line":14,"column":49},"end":{"line":18,"column":3}}},"2":{"name":"(anonymous_3)","decl":{"start":{"line":20,"column":2},"end":{"line":20,"column":8}},"loc":{"start":{"line":20,"column":64},"end":{"line":25,"column":3}}},"3":{"name":"(anonymous_4)","decl":{"start":{"line":27,"column":2},"end":{"line":27,"column":8}},"loc":{"start":{"line":27,"column":36},"end":{"line":30,"column":3}}},"4":{"name":"(anonymous_5)","decl":{"start":{"line":32,"column":2},"end":{"line":32,"column":8}},"loc":{"start":{"line":32,"column":42},"end":{"line":35,"column":3}}}},"branchMap":{"0":{"loc":{"start":{"line":14,"column":27},"end":{"line":14,"column":49}},"type":"default-arg","locations":[{"start":{"line":14,"column":44},"end":{"line":14,"column":49}}]},"1":{"loc":{"start":{"line":20,"column":40},"end":{"line":20,"column":64}},"type":"default-arg","locations":[{"start":{"line":20,"column":59},"end":{"line":20,"column":64}}]}},"s":{"0":0,"1":0,"2":0,"3":0,"4":0,"5":0,"6":0,"7":0,"8":0,"9":0,"10":0,"11":0},"f":{"0":0,"1":0,"2":0,"3":0,"4":0},"b":{"0":[0],"1":[0]}}
,"/Users/marvelousajuzie/Desktop/marvelousajuzie-lendsqr-be-test/src/utils/response.util.ts": {"path":"/Users/marvelousajuzie/Desktop/marvelousajuzie-lendsqr-be-test/src/utils/response.util.ts","statementMap":{"0":{"start":{"line":15,"column":38},"end":{"line":19,"column":6}},"1":{"start":{"line":20,"column":4},"end":{"line":20,"column":49}},"2":{"start":{"line":29,"column":35},"end":{"line":33,"column":6}},"3":{"start":{"line":34,"column":4},"end":{"line":34,"column":49}},"4":{"start":{"line":8,"column":0},"end":{"line":8,"column":13}}},"fnMap":{"0":{"name":"(anonymous_0)","decl":{"start":{"line":9,"column":2},"end":{"line":9,"column":8}},"loc":{"start":{"line":13,"column":28},"end":{"line":21,"column":3}}},"1":{"name":"(anonymous_1)","decl":{"start":{"line":23,"column":2},"end":{"line":23,"column":8}},"loc":{"start":{"line":27,"column":18},"end":{"line":35,"column":3}}}},"branchMap":{"0":{"loc":{"start":{"line":13,"column":4},"end":{"line":13,"column":28}},"type":"default-arg","locations":[{"start":{"line":13,"column":25},"end":{"line":13,"column":28}}]},"1":{"loc":{"start":{"line":26,"column":4},"end":{"line":26,"column":28}},"type":"default-arg","locations":[{"start":{"line":26,"column":25},"end":{"line":26,"column":28}}]}},"s":{"0":0,"1":0,"2":0,"3":0,"4":0},"f":{"0":0,"1":0},"b":{"0":[0],"1":[0]}}
,"/Users/marvelousajuzie/Desktop/marvelousajuzie-lendsqr-be-test/src/validators/auth.validator.ts": {"path":"/Users/marvelousajuzie/Desktop/marvelousajuzie-lendsqr-be-test/src/validators/auth.validator.ts","statementMap":{"0":{"start":{"line":2,"column":0},"end":{"line":2,"column":22}},"1":{"start":{"line":4,"column":0},"end":{"line":4,"column":13}},"2":{"start":{"line":5,"column":9},"end":{"line":29,"column":5}},"3":{"start":{"line":31,"column":9},"end":{"line":34,"column":5}}},"fnMap":{},"branchMap":{},"s":{"0":0,"1":0,"2":0,"3":0},"f":{},"b":{}}
,"/Users/marvelousajuzie/Desktop/marvelousajuzie-lendsqr-be-test/src/validators/wallet.validator.ts": {"path":"/Users/marvelousajuzie/Desktop/marvelousajuzie-lendsqr-be-test/src/validators/wallet.validator.ts","statementMap":{"0":{"start":{"line":2,"column":0},"end":{"line":2,"column":22}},"1":{"start":{"line":4,"column":0},"end":{"line":4,"column":13}},"2":{"start":{"line":5,"column":9},"end":{"line":11,"column":5}},"3":{"start":{"line":13,"column":9},"end":{"line":23,"column":5}},"4":{"start":{"line":25,"column":9},"end":{"line":31,"column":5}}},"fnMap":{},"branchMap":{},"s":{"0":0,"1":0,"2":0,"3":0,"4":0},"f":{},"b":{}}
}
